<?xml version="1.0" encoding="UTF-8"?>
<!-- Generated by org.testng.reporters.JUnitReportReporter -->
<testsuite hostname="SIPl-DT-PS" failures="0" tests="1" name="Softude.Hyperlocology.Tests.BrandsTest" time="23.824" errors="0" timestamp="2023-10-25T10:30:08 IST" skipped="0">
  <testcase classname="Softude.Hyperlocology.Tests.BrandsTest" name="addNewBrand" time="23.824"/>
  <system-out/>
</testsuite> <!-- Softude.Hyperlocology.Tests.BrandsTest -->
