<?xml version="1.0" encoding="UTF-8"?>
<!-- Generated by org.testng.reporters.JUnitReportReporter -->
<testsuite hostname="LAPTOP-LJH35D32" failures="0" tests="1" name="Softude.Hyperlocology.Tests.BrandsTest" time="32.437" errors="0" timestamp="2023-10-24T17:14:12 IST" skipped="0">
  <testcase classname="Softude.Hyperlocology.Tests.BrandsTest" name="addNewBrand" time="32.437"/>
  <system-out/>
</testsuite> <!-- Softude.Hyperlocology.Tests.BrandsTest -->
