<?xml version="1.0" encoding="UTF-8"?>
<!-- Generated by org.testng.reporters.JUnitReportReporter -->
<testsuite hostname="LAPTOP-LJH35D32" failures="0" tests="1" name="Softude.Hyperlocology.Tests.demo" time="5.347" errors="0" timestamp="2023-10-08T17:23:53 IST" skipped="0">
  <testcase classname="Softude.Hyperlocology.Tests.demo" name="demorun" time="5.347"/>
  <system-out/>
</testsuite> <!-- Softude.Hyperlocology.Tests.demo -->
