<?xml version="1.0" encoding="UTF-8"?>
<!-- Generated by org.testng.reporters.JUnitReportReporter -->
<testsuite hostname="SIPl-DT-PS" failures="0" tests="1" name="Softude.Hyperlocology.Tests.RegionsPageTest" time="20.415" errors="0" timestamp="2023-11-29T18:08:36 IST" skipped="0">
  <testcase classname="Softude.Hyperlocology.Tests.RegionsPageTest" name="changeTheStatusOfTheRegion" time="20.415"/>
  <system-out/>
</testsuite> <!-- Softude.Hyperlocology.Tests.RegionsPageTest -->
