<?xml version="1.0" encoding="UTF-8"?>
<!-- Generated by org.testng.reporters.JUnitReportReporter -->
<testsuite hostname="SIPl-DT-PS" failures="0" tests="1" name="Softude.Hyperlocology.Tests.SubscriptionPageTest" time="24.005" errors="0" timestamp="2023-11-27T14:28:21 IST" skipped="0">
  <testcase classname="Softude.Hyperlocology.Tests.SubscriptionPageTest" name="addSubscription" time="24.005"/>
  <system-out/>
</testsuite> <!-- Softude.Hyperlocology.Tests.SubscriptionPageTest -->
