<?xml version="1.0" encoding="UTF-8"?>
<!-- Generated by org.testng.reporters.JUnitReportReporter -->
<testsuite hostname="SIPl-DT-PS" failures="0" tests="1" name="Softude.Hyperlocology.Tests.ResourceCenterPageTest" time="22.918" errors="0" timestamp="2023-11-27T18:58:09 IST" skipped="0">
  <testcase classname="Softude.Hyperlocology.Tests.ResourceCenterPageTest" name="addEducationalVedios" time="22.918"/>
  <system-out/>
</testsuite> <!-- Softude.Hyperlocology.Tests.ResourceCenterPageTest -->
