<?xml version="1.0" encoding="UTF-8"?>
<!-- Generated by org.testng.reporters.JUnitReportReporter -->
<testsuite hostname="SIPl-DT-PS" failures="0" tests="1" name="Softude.Hyperlocology.Tests.LocationPageTest" time="25.723" errors="0" timestamp="2023-11-27T14:25:30 IST" skipped="0">
  <testcase classname="Softude.Hyperlocology.Tests.LocationPageTest" name="addLocation" time="25.723"/>
  <system-out/>
</testsuite> <!-- Softude.Hyperlocology.Tests.LocationPageTest -->
