<?xml version="1.0" encoding="UTF-8"?>
<!-- Generated by org.testng.reporters.JUnitReportReporter -->
<testsuite hostname="SIPl-DT-PS" failures="0" tests="1" name="Softude.Hyperlocology.Tests.BrandsTest" time="15.703" errors="0" timestamp="2023-10-09T14:20:36 IST" skipped="0">
  <testcase classname="Softude.Hyperlocology.Tests.BrandsTest" name="addNewBrand" time="15.703"/>
  <system-out/>
</testsuite> <!-- Softude.Hyperlocology.Tests.BrandsTest -->
