<?xml version="1.0" encoding="UTF-8"?>
<!-- Generated by org.testng.reporters.JUnitReportReporter -->
<testsuite hostname="SIPl-DT-PS" failures="0" tests="1" name="Softude.Hyperlocology.Tests.LocationPageTest" time="28.821" errors="0" timestamp="2023-11-22T12:34:02 IST" skipped="0">
  <testcase classname="Softude.Hyperlocology.Tests.LocationPageTest" name="addLocation" time="28.821"/>
  <system-out/>
</testsuite> <!-- Softude.Hyperlocology.Tests.LocationPageTest -->
