<?xml version="1.0" encoding="UTF-8"?>
<!-- Generated by org.testng.reporters.JUnitReportReporter -->
<testsuite hostname="SIPl-DT-PS" failures="0" tests="2" name="Softude.Hyperlocology.Tests.SubscriptionsPageTest" time="36.038" errors="0" timestamp="2023-11-28T15:24:58 IST" skipped="0">
  <testcase classname="Softude.Hyperlocology.Tests.SubscriptionsPageTest" name="addNewSubscriptionPage" time="19.166"/>
  <system-out/>
  <testcase classname="Softude.Hyperlocology.Tests.SubscriptionsPageTest" name="addNewSubscriptionPage" time="16.872"/>
  <system-out/>
</testsuite> <!-- Softude.Hyperlocology.Tests.SubscriptionsPageTest -->
