<?xml version="1.0" encoding="UTF-8"?>
<!-- Generated by org.testng.reporters.JUnitReportReporter -->
<testsuite hostname="SIPl-DT-PS" failures="0" tests="3" name="Softude.Hyperlocology.Tests.BrandUserPageTest" time="70.465" errors="0" timestamp="2023-11-27T16:43:38 IST" skipped="0">
  <testcase classname="Softude.Hyperlocology.Tests.BrandUserPageTest" name="addBrandUsers" time="25.530"/>
  <system-out/>
  <testcase classname="Softude.Hyperlocology.Tests.BrandUserPageTest" name="addBrandUsers" time="22.471"/>
  <system-out/>
  <testcase classname="Softude.Hyperlocology.Tests.BrandUserPageTest" name="addBrandUsers" time="22.464"/>
  <system-out/>
</testsuite> <!-- Softude.Hyperlocology.Tests.BrandUserPageTest -->
