<?xml version="1.0" encoding="UTF-8"?>
<!-- Generated by org.testng.reporters.JUnitReportReporter -->
<testsuite hostname="SIPl-DT-PS" failures="0" tests="1" name="Softude.Hyperlocology.Tests.AttachCollateralTest" time="33.700" errors="0" timestamp="2023-11-22T12:34:02 IST" skipped="0">
  <testcase classname="Softude.Hyperlocology.Tests.AttachCollateralTest" name="attachCollateral" time="33.700"/>
  <system-out/>
</testsuite> <!-- Softude.Hyperlocology.Tests.AttachCollateralTest -->
