<?xml version="1.0" encoding="UTF-8"?>
<!-- Generated by org.testng.reporters.JUnitReportReporter -->
<testsuite hostname="LAPTOP-LJH35D32" failures="0" tests="1" name="Softude.Hyperlocology.Tests.ParentCompanies" time="14.842" errors="0" timestamp="2023-10-09T08:37:08 IST" skipped="0">
  <testcase classname="Softude.Hyperlocology.Tests.ParentCompanies" name="addParentCompany" time="14.842"/>
  <system-out/>
</testsuite> <!-- Softude.Hyperlocology.Tests.ParentCompanies -->
