<?xml version="1.0" encoding="UTF-8"?>
<!-- Generated by org.testng.reporters.JUnitReportReporter -->
<testsuite hostname="SIPl-DT-PS" failures="0" tests="1" name="Softude.Hyperlocology.Tests.ParentCompaniesTest" time="16.803" errors="0" timestamp="2023-10-18T12:47:35 IST" skipped="0">
  <testcase classname="Softude.Hyperlocology.Tests.ParentCompaniesTest" name="wrongEmailErrorValidation" time="16.803"/>
  <system-out/>
</testsuite> <!-- Softude.Hyperlocology.Tests.ParentCompaniesTest -->
