<?xml version="1.0" encoding="UTF-8"?>
<!-- Generated by org.testng.reporters.JUnitReportReporter -->
<testsuite hostname="SIPl-DT-PS" failures="0" tests="1" name="Softude.Hyperlocology.Tests.ParentCompaniesTest" time="13.964" errors="0" timestamp="2023-11-24T17:12:06 IST" skipped="0">
  <testcase classname="Softude.Hyperlocology.Tests.ParentCompaniesTest" name="validateCompanyOwner" time="13.964"/>
  <system-out/>
</testsuite> <!-- Softude.Hyperlocology.Tests.ParentCompaniesTest -->
