<?xml version="1.0" encoding="UTF-8"?>
<!-- Generated by org.testng.reporters.JUnitReportReporter -->
<testsuite hostname="SIPl-DT-PS" failures="0" tests="1" name="Softude.Hyperlocology.Tests.MasterLoginPageTest" time="37.160" errors="0" timestamp="2023-11-27T19:05:10 IST" skipped="0">
  <testcase classname="Softude.Hyperlocology.Tests.MasterLoginPageTest" name="addMasterLoginPassword" time="37.160"/>
  <system-out/>
</testsuite> <!-- Softude.Hyperlocology.Tests.MasterLoginPageTest -->
