<?xml version="1.0" encoding="UTF-8"?>
<!-- Generated by org.testng.reporters.JUnitReportReporter -->
<testsuite hostname="SIPl-DT-PS" failures="0" tests="1" name="Softude.Hyperlocology.Tests.ParentCompanies" time="18.183" errors="0" timestamp="2023-10-09T10:54:27 IST" skipped="0">
  <testcase classname="Softude.Hyperlocology.Tests.ParentCompanies" name="addParentCompany" time="18.183"/>
  <system-out/>
</testsuite> <!-- Softude.Hyperlocology.Tests.ParentCompanies -->
