<?xml version="1.0" encoding="UTF-8"?>
<!-- Generated by org.testng.reporters.JUnitReportReporter -->
<testsuite hostname="SIPl-DT-PS" failures="0" tests="1" name="Softude.Hyperlocology.Tests.LocationsPageTest" time="18.339" errors="0" timestamp="2023-11-29T15:59:42 IST" skipped="0">
  <testcase classname="Softude.Hyperlocology.Tests.LocationsPageTest" name="getCityNameOfLocation" time="18.339"/>
  <system-out/>
</testsuite> <!-- Softude.Hyperlocology.Tests.LocationsPageTest -->
