<?xml version="1.0" encoding="UTF-8"?>
<!-- Generated by org.testng.reporters.JUnitReportReporter -->
<testsuite hostname="LAPTOP-LJH35D32" failures="0" tests="1" name="Softude.Hyperlocology.Tests.LoginPage" time="19.169" errors="0" timestamp="2023-10-09T07:58:26 IST" skipped="0">
  <testcase classname="Softude.Hyperlocology.Tests.LoginPage" name="logoutValidation" time="19.169"/>
  <system-out/>
</testsuite> <!-- Softude.Hyperlocology.Tests.LoginPage -->
