<?xml version="1.0" encoding="UTF-8"?>
<!-- Generated by org.testng.reporters.JUnitReportReporter -->
<testsuite hostname="SIPl-DT-PS" failures="0" tests="1" name="Softude.Hyperlocology.Tests.GroupsPageTest" time="17.685" errors="0" timestamp="2023-11-30T11:28:57 IST" skipped="0">
  <testcase classname="Softude.Hyperlocology.Tests.GroupsPageTest" name="addNewGroup" time="17.685"/>
  <system-out/>
</testsuite> <!-- Softude.Hyperlocology.Tests.GroupsPageTest -->
