<?xml version="1.0" encoding="UTF-8"?>
<!-- Generated by org.testng.reporters.JUnitReportReporter -->
<testsuite hostname="SIPl-DT-PS" failures="0" tests="1" name="Softude.Hyperlocology.Tests.UserActivityTest" time="13.168" errors="0" timestamp="2023-11-28T17:19:48 IST" skipped="0">
  <testcase classname="Softude.Hyperlocology.Tests.UserActivityTest" name="getBrandsUsersEmail" time="13.168"/>
  <system-out/>
</testsuite> <!-- Softude.Hyperlocology.Tests.UserActivityTest -->
