<?xml version="1.0" encoding="UTF-8"?>
<!-- Generated by org.testng.reporters.JUnitReportReporter -->
<testsuite hostname="SIPl-DT-PS" failures="0" tests="1" name="Softude.Hyperlocology.Tests.EditBrandPageTest" time="20.483" errors="0" timestamp="2023-11-23T17:12:26 IST" skipped="0">
  <testcase classname="Softude.Hyperlocology.Tests.EditBrandPageTest" name="editBasicInformation" time="20.483"/>
  <system-out/>
</testsuite> <!-- Softude.Hyperlocology.Tests.EditBrandPageTest -->
