<?xml version="1.0" encoding="UTF-8"?>
<!-- Generated by org.testng.reporters.JUnitReportReporter -->
<testsuite hostname="SIPl-DT-PS" failures="0" tests="1" name="Softude.Hyperlocology.Tests.AttachCollateralTest" time="25.262" errors="0" timestamp="2023-11-23T17:08:05 IST" skipped="0">
  <testcase classname="Softude.Hyperlocology.Tests.AttachCollateralTest" name="attachCollateral" time="25.262"/>
  <system-out/>
</testsuite> <!-- Softude.Hyperlocology.Tests.AttachCollateralTest -->
